================================================================================
MOLECULE GENERATION AND MACE EVALUATION WORKFLOW
================================================================================

STEP 1: Requesting gpt-oss:120b to generate 100 molecules...
--------------------------------------------------------------------------------

================================================================================
COMPUTATIONAL CHEMISTRY AGENTIC WORKFLOW
================================================================================
User Request: Generate 100 diverse and chemically interesting molecules for computational chemistry evaluation. 

Focus on molecules that would be useful for:
1. Catalyst development (ligands, small organic catalysts)
2. Drug discovery (small drug-like molecules)
3. Materials science (building blocks, functional molecules)
4. Energy storage (electrolytes, organic battery materials)

For each molecule, provide:
- SMILES notation
- Brief description (one line)

Format as a simple list:
1. SMILES | Description
2. SMILES | Description
...

Make sure all SMILES are valid and chemically reasonable. Include variety in:
- Molecular weight (50-400 Da)
- Functional groups (amines, alcohols, carbonyls, aromatics, heterocycles)
- Ring systems (5-membered, 6-membered, fused rings)
- Heteroatoms (N, O, S, P)

Generate the full list of 100 molecules now.


--- Iteration 1 ---
Traceback (most recent call last):
  File "/Users/stevens/opt/anaconda3/lib/python3.9/site-packages/httpcore/_exceptions.py", line 10, in map_exceptions
    yield
  File "/Users/stevens/opt/anaconda3/lib/python3.9/site-packages/httpcore/backends/sync.py", line 28, in read
    return self._sock.recv(max_bytes)
socket.timeout: timed out

During handling of the above exception, another exception occurred:

Traceback (most recent call last):
  File "/Users/stevens/opt/anaconda3/lib/python3.9/site-packages/httpx/_transports/default.py", line 60, in map_httpcore_exceptions
    yield
  File "/Users/stevens/opt/anaconda3/lib/python3.9/site-packages/httpx/_transports/default.py", line 218, in handle_request
    resp = self._pool.handle_request(req)
  File "/Users/stevens/opt/anaconda3/lib/python3.9/site-packages/httpcore/_sync/connection_pool.py", line 253, in handle_request
    raise exc
  File "/Users/stevens/opt/anaconda3/lib/python3.9/site-packages/httpcore/_sync/connection_pool.py", line 237, in handle_request
    response = connection.handle_request(request)
  File "/Users/stevens/opt/anaconda3/lib/python3.9/site-packages/httpcore/_sync/connection.py", line 90, in handle_request
    return self._connection.handle_request(request)
  File "/Users/stevens/opt/anaconda3/lib/python3.9/site-packages/httpcore/_sync/http11.py", line 112, in handle_request
    raise exc
  File "/Users/stevens/opt/anaconda3/lib/python3.9/site-packages/httpcore/_sync/http11.py", line 91, in handle_request
    ) = self._receive_response_headers(**kwargs)
  File "/Users/stevens/opt/anaconda3/lib/python3.9/site-packages/httpcore/_sync/http11.py", line 155, in _receive_response_headers
    event = self._receive_event(timeout=timeout)
  File "/Users/stevens/opt/anaconda3/lib/python3.9/site-packages/httpcore/_sync/http11.py", line 191, in _receive_event
    data = self._network_stream.read(
  File "/Users/stevens/opt/anaconda3/lib/python3.9/site-packages/httpcore/backends/sync.py", line 28, in read
    return self._sock.recv(max_bytes)
  File "/Users/stevens/opt/anaconda3/lib/python3.9/contextlib.py", line 137, in __exit__
    self.gen.throw(typ, value, traceback)
  File "/Users/stevens/opt/anaconda3/lib/python3.9/site-packages/httpcore/_exceptions.py", line 14, in map_exceptions
    raise to_exc(exc)
httpcore.ReadTimeout: timed out

The above exception was the direct cause of the following exception:

Traceback (most recent call last):
  File "/Users/stevens/opt/anaconda3/lib/python3.9/site-packages/openai/_base_client.py", line 950, in _request
    response = self._client.send(
  File "/Users/stevens/opt/anaconda3/lib/python3.9/site-packages/httpx/_client.py", line 908, in send
    response = self._send_handling_auth(
  File "/Users/stevens/opt/anaconda3/lib/python3.9/site-packages/httpx/_client.py", line 936, in _send_handling_auth
    response = self._send_handling_redirects(
  File "/Users/stevens/opt/anaconda3/lib/python3.9/site-packages/httpx/_client.py", line 973, in _send_handling_redirects
    response = self._send_single_request(request)
  File "/Users/stevens/opt/anaconda3/lib/python3.9/site-packages/httpx/_client.py", line 1009, in _send_single_request
    response = transport.handle_request(request)
  File "/Users/stevens/opt/anaconda3/lib/python3.9/site-packages/httpx/_transports/default.py", line 218, in handle_request
    resp = self._pool.handle_request(req)
  File "/Users/stevens/opt/anaconda3/lib/python3.9/contextlib.py", line 137, in __exit__
    self.gen.throw(typ, value, traceback)
  File "/Users/stevens/opt/anaconda3/lib/python3.9/site-packages/httpx/_transports/default.py", line 77, in map_httpcore_exceptions
    raise mapped_exc(message) from exc
httpx.ReadTimeout: timed out

During handling of the above exception, another exception occurred:

Traceback (most recent call last):
  File "/Users/stevens/opt/anaconda3/lib/python3.9/site-packages/httpcore/_exceptions.py", line 10, in map_exceptions
    yield
  File "/Users/stevens/opt/anaconda3/lib/python3.9/site-packages/httpcore/backends/sync.py", line 28, in read
    return self._sock.recv(max_bytes)
socket.timeout: timed out

During handling of the above exception, another exception occurred:

Traceback (most recent call last):
  File "/Users/stevens/opt/anaconda3/lib/python3.9/site-packages/httpx/_transports/default.py", line 60, in map_httpcore_exceptions
    yield
  File "/Users/stevens/opt/anaconda3/lib/python3.9/site-packages/httpx/_transports/default.py", line 218, in handle_request
    resp = self._pool.handle_request(req)
  File "/Users/stevens/opt/anaconda3/lib/python3.9/site-packages/httpcore/_sync/connection_pool.py", line 253, in handle_request
    raise exc
  File "/Users/stevens/opt/anaconda3/lib/python3.9/site-packages/httpcore/_sync/connection_pool.py", line 237, in handle_request
    response = connection.handle_request(request)
  File "/Users/stevens/opt/anaconda3/lib/python3.9/site-packages/httpcore/_sync/connection.py", line 90, in handle_request
    return self._connection.handle_request(request)
  File "/Users/stevens/opt/anaconda3/lib/python3.9/site-packages/httpcore/_sync/http11.py", line 112, in handle_request
    raise exc
  File "/Users/stevens/opt/anaconda3/lib/python3.9/site-packages/httpcore/_sync/http11.py", line 91, in handle_request
    ) = self._receive_response_headers(**kwargs)
  File "/Users/stevens/opt/anaconda3/lib/python3.9/site-packages/httpcore/_sync/http11.py", line 155, in _receive_response_headers
    event = self._receive_event(timeout=timeout)
  File "/Users/stevens/opt/anaconda3/lib/python3.9/site-packages/httpcore/_sync/http11.py", line 191, in _receive_event
    data = self._network_stream.read(
  File "/Users/stevens/opt/anaconda3/lib/python3.9/site-packages/httpcore/backends/sync.py", line 28, in read
    return self._sock.recv(max_bytes)
  File "/Users/stevens/opt/anaconda3/lib/python3.9/contextlib.py", line 137, in __exit__
    self.gen.throw(typ, value, traceback)
  File "/Users/stevens/opt/anaconda3/lib/python3.9/site-packages/httpcore/_exceptions.py", line 14, in map_exceptions
    raise to_exc(exc)
httpcore.ReadTimeout: timed out

The above exception was the direct cause of the following exception:

Traceback (most recent call last):
  File "/Users/stevens/opt/anaconda3/lib/python3.9/site-packages/openai/_base_client.py", line 950, in _request
    response = self._client.send(
  File "/Users/stevens/opt/anaconda3/lib/python3.9/site-packages/httpx/_client.py", line 908, in send
    response = self._send_handling_auth(
  File "/Users/stevens/opt/anaconda3/lib/python3.9/site-packages/httpx/_client.py", line 936, in _send_handling_auth
    response = self._send_handling_redirects(
  File "/Users/stevens/opt/anaconda3/lib/python3.9/site-packages/httpx/_client.py", line 973, in _send_handling_redirects
    response = self._send_single_request(request)
  File "/Users/stevens/opt/anaconda3/lib/python3.9/site-packages/httpx/_client.py", line 1009, in _send_single_request
    response = transport.handle_request(request)
  File "/Users/stevens/opt/anaconda3/lib/python3.9/site-packages/httpx/_transports/default.py", line 218, in handle_request
    resp = self._pool.handle_request(req)
  File "/Users/stevens/opt/anaconda3/lib/python3.9/contextlib.py", line 137, in __exit__
    self.gen.throw(typ, value, traceback)
  File "/Users/stevens/opt/anaconda3/lib/python3.9/site-packages/httpx/_transports/default.py", line 77, in map_httpcore_exceptions
    raise mapped_exc(message) from exc
httpx.ReadTimeout: timed out

During handling of the above exception, another exception occurred:

Traceback (most recent call last):
  File "/Users/stevens/opt/anaconda3/lib/python3.9/site-packages/httpcore/_exceptions.py", line 10, in map_exceptions
    yield
  File "/Users/stevens/opt/anaconda3/lib/python3.9/site-packages/httpcore/backends/sync.py", line 28, in read
    return self._sock.recv(max_bytes)
socket.timeout: timed out

During handling of the above exception, another exception occurred:

Traceback (most recent call last):
  File "/Users/stevens/opt/anaconda3/lib/python3.9/site-packages/httpx/_transports/default.py", line 60, in map_httpcore_exceptions
    yield
  File "/Users/stevens/opt/anaconda3/lib/python3.9/site-packages/httpx/_transports/default.py", line 218, in handle_request
    resp = self._pool.handle_request(req)
  File "/Users/stevens/opt/anaconda3/lib/python3.9/site-packages/httpcore/_sync/connection_pool.py", line 253, in handle_request
    raise exc
  File "/Users/stevens/opt/anaconda3/lib/python3.9/site-packages/httpcore/_sync/connection_pool.py", line 237, in handle_request
    response = connection.handle_request(request)
  File "/Users/stevens/opt/anaconda3/lib/python3.9/site-packages/httpcore/_sync/connection.py", line 90, in handle_request
    return self._connection.handle_request(request)
  File "/Users/stevens/opt/anaconda3/lib/python3.9/site-packages/httpcore/_sync/http11.py", line 112, in handle_request
    raise exc
  File "/Users/stevens/opt/anaconda3/lib/python3.9/site-packages/httpcore/_sync/http11.py", line 91, in handle_request
    ) = self._receive_response_headers(**kwargs)
  File "/Users/stevens/opt/anaconda3/lib/python3.9/site-packages/httpcore/_sync/http11.py", line 155, in _receive_response_headers
    event = self._receive_event(timeout=timeout)
  File "/Users/stevens/opt/anaconda3/lib/python3.9/site-packages/httpcore/_sync/http11.py", line 191, in _receive_event
    data = self._network_stream.read(
  File "/Users/stevens/opt/anaconda3/lib/python3.9/site-packages/httpcore/backends/sync.py", line 28, in read
    return self._sock.recv(max_bytes)
  File "/Users/stevens/opt/anaconda3/lib/python3.9/contextlib.py", line 137, in __exit__
    self.gen.throw(typ, value, traceback)
  File "/Users/stevens/opt/anaconda3/lib/python3.9/site-packages/httpcore/_exceptions.py", line 14, in map_exceptions
    raise to_exc(exc)
httpcore.ReadTimeout: timed out

The above exception was the direct cause of the following exception:

Traceback (most recent call last):
  File "/Users/stevens/opt/anaconda3/lib/python3.9/site-packages/openai/_base_client.py", line 950, in _request
    response = self._client.send(
  File "/Users/stevens/opt/anaconda3/lib/python3.9/site-packages/httpx/_client.py", line 908, in send
    response = self._send_handling_auth(
  File "/Users/stevens/opt/anaconda3/lib/python3.9/site-packages/httpx/_client.py", line 936, in _send_handling_auth
    response = self._send_handling_redirects(
  File "/Users/stevens/opt/anaconda3/lib/python3.9/site-packages/httpx/_client.py", line 973, in _send_handling_redirects
    response = self._send_single_request(request)
  File "/Users/stevens/opt/anaconda3/lib/python3.9/site-packages/httpx/_client.py", line 1009, in _send_single_request
    response = transport.handle_request(request)
  File "/Users/stevens/opt/anaconda3/lib/python3.9/site-packages/httpx/_transports/default.py", line 218, in handle_request
    resp = self._pool.handle_request(req)
  File "/Users/stevens/opt/anaconda3/lib/python3.9/contextlib.py", line 137, in __exit__
    self.gen.throw(typ, value, traceback)
  File "/Users/stevens/opt/anaconda3/lib/python3.9/site-packages/httpx/_transports/default.py", line 77, in map_httpcore_exceptions
    raise mapped_exc(message) from exc
httpx.ReadTimeout: timed out

The above exception was the direct cause of the following exception:

Traceback (most recent call last):
  File "/Users/stevens/Dropbox/Backplane/generate_and_test_molecules.py", line 176, in <module>
    main()
  File "/Users/stevens/Dropbox/Backplane/generate_and_test_molecules.py", line 53, in main
    result = agent.run_agentic_workflow(generation_request)
  File "/Users/stevens/Dropbox/Backplane/agent_apps.py", line 471, in run_agentic_workflow
    response = self.client.chat.completions.create(
  File "/Users/stevens/opt/anaconda3/lib/python3.9/site-packages/openai/_utils/_utils.py", line 277, in wrapper
    return func(*args, **kwargs)
  File "/Users/stevens/opt/anaconda3/lib/python3.9/site-packages/openai/resources/chat/completions.py", line 579, in create
    return self._post(
  File "/Users/stevens/opt/anaconda3/lib/python3.9/site-packages/openai/_base_client.py", line 1232, in post
    return cast(ResponseT, self.request(cast_to, opts, stream=stream, stream_cls=stream_cls))
  File "/Users/stevens/opt/anaconda3/lib/python3.9/site-packages/openai/_base_client.py", line 921, in request
    return self._request(
  File "/Users/stevens/opt/anaconda3/lib/python3.9/site-packages/openai/_base_client.py", line 959, in _request
    return self._retry_request(
  File "/Users/stevens/opt/anaconda3/lib/python3.9/site-packages/openai/_base_client.py", line 1045, in _retry_request
    return self._request(
  File "/Users/stevens/opt/anaconda3/lib/python3.9/site-packages/openai/_base_client.py", line 959, in _request
    return self._retry_request(
  File "/Users/stevens/opt/anaconda3/lib/python3.9/site-packages/openai/_base_client.py", line 1045, in _retry_request
    return self._request(
  File "/Users/stevens/opt/anaconda3/lib/python3.9/site-packages/openai/_base_client.py", line 969, in _request
    raise APITimeoutError(request=request) from err
openai.APITimeoutError: Request timed out.
